[2024-12-17 11:18:46] request.CRITICAL: Uncaught PHP Exception PrestaShop\PrestaShop\Core\Localization\Exception\LocalizationException: "Price specification not found for currency: """ at /var/www/html/src/Core/Localization/Locale.php line 170 {"exception":"[object] (PrestaShop\\PrestaShop\\Core\\Localization\\Exception\\LocalizationException(code: 0): Price specification not found for currency: \"\" at /var/www/html/src/Core/Localization/Locale.php:170)"} []
[2024-12-17 11:25:48] request.INFO: Matched route "admin_payment_methods". {"route":"admin_payment_methods","route_parameters":{"_controller":"PrestaShopBundle\\Controller\\Admin\\Improve\\Payment\\PaymentMethodsController::indexAction","_legacy_controller":"AdminPayment","_legacy_link":"AdminPayment","_route":"admin_payment_methods"},"request_uri":"https://localhost:8443/admin284wsmgoi/index.php/improve/payment/payment_methods?_token=PKpfa4qwC1H8cf4_uloYXEkJ2aaP3VFwxiiFbpZwHRM","method":"GET"} []
[2024-12-17 11:25:48] security.DEBUG: Read existing security token from the session. {"key":"_security_main","token_class":"Symfony\\Component\\Security\\Core\\Authentication\\Token\\UsernamePasswordToken"} []
[2024-12-17 11:25:48] security.DEBUG: User was reloaded from a user provider. {"provider":"PrestaShopBundle\\Security\\Admin\\EmployeeProvider","username":"wiktorszulc4@gmail.com"} []
[2024-12-17 11:25:48] app.ERROR: Data from PrestaShop Addons is invalid, and cannot fallback on cache. [] []
[2024-12-17 11:25:49] security.DEBUG: Stored the security token in the session. {"key":"_security_main"} []
[2024-12-17 11:34:38] request.CRITICAL: Uncaught PHP Exception PrestaShop\PrestaShop\Core\Localization\Exception\LocalizationException: "Price specification not found for currency: """ at /var/www/html/src/Core/Localization/Locale.php line 170 {"exception":"[object] (PrestaShop\\PrestaShop\\Core\\Localization\\Exception\\LocalizationException(code: 0): Price specification not found for currency: \"\" at /var/www/html/src/Core/Localization/Locale.php:170)"} []
[2024-12-17 11:47:11] request.CRITICAL: Uncaught PHP Exception PrestaShop\PrestaShop\Core\Localization\Exception\LocalizationException: "Price specification not found for currency: """ at /var/www/html/src/Core/Localization/Locale.php line 170 {"exception":"[object] (PrestaShop\\PrestaShop\\Core\\Localization\\Exception\\LocalizationException(code: 0): Price specification not found for currency: \"\" at /var/www/html/src/Core/Localization/Locale.php:170)"} []
[2024-12-17 12:13:19] request.CRITICAL: Uncaught PHP Exception PrestaShop\PrestaShop\Core\Localization\Exception\LocalizationException: "Price specification not found for currency: """ at /var/www/html/src/Core/Localization/Locale.php line 170 {"exception":"[object] (PrestaShop\\PrestaShop\\Core\\Localization\\Exception\\LocalizationException(code: 0): Price specification not found for currency: \"\" at /var/www/html/src/Core/Localization/Locale.php:170)"} []
[2024-12-17 12:35:11] request.CRITICAL: Uncaught PHP Exception PrestaShop\PrestaShop\Core\Localization\Exception\LocalizationException: "Price specification not found for currency: """ at /var/www/html/src/Core/Localization/Locale.php line 170 {"exception":"[object] (PrestaShop\\PrestaShop\\Core\\Localization\\Exception\\LocalizationException(code: 0): Price specification not found for currency: \"\" at /var/www/html/src/Core/Localization/Locale.php:170)"} []
[2024-12-17 12:57:43] request.CRITICAL: Uncaught PHP Exception PrestaShop\PrestaShop\Core\Localization\Exception\LocalizationException: "Price specification not found for currency: """ at /var/www/html/src/Core/Localization/Locale.php line 170 {"exception":"[object] (PrestaShop\\PrestaShop\\Core\\Localization\\Exception\\LocalizationException(code: 0): Price specification not found for currency: \"\" at /var/www/html/src/Core/Localization/Locale.php:170)"} []
[2024-12-17 12:59:21] request.CRITICAL: Uncaught PHP Exception PrestaShop\PrestaShop\Core\Localization\Exception\LocalizationException: "Price specification not found for currency: """ at /var/www/html/src/Core/Localization/Locale.php line 170 {"exception":"[object] (PrestaShop\\PrestaShop\\Core\\Localization\\Exception\\LocalizationException(code: 0): Price specification not found for currency: \"\" at /var/www/html/src/Core/Localization/Locale.php:170)"} []
[2024-12-17 13:01:27] request.CRITICAL: Uncaught PHP Exception PrestaShop\PrestaShop\Core\Localization\Exception\LocalizationException: "Price specification not found for currency: """ at /var/www/html/src/Core/Localization/Locale.php line 170 {"exception":"[object] (PrestaShop\\PrestaShop\\Core\\Localization\\Exception\\LocalizationException(code: 0): Price specification not found for currency: \"\" at /var/www/html/src/Core/Localization/Locale.php:170)"} []
[2024-12-17 13:01:51] request.CRITICAL: Uncaught PHP Exception PrestaShop\PrestaShop\Core\Localization\Exception\LocalizationException: "Price specification not found for currency: """ at /var/www/html/src/Core/Localization/Locale.php line 170 {"exception":"[object] (PrestaShop\\PrestaShop\\Core\\Localization\\Exception\\LocalizationException(code: 0): Price specification not found for currency: \"\" at /var/www/html/src/Core/Localization/Locale.php:170)"} []
[2024-12-17 13:04:01] app.ERROR: Data from PrestaShop Addons is invalid, and cannot fallback on cache. [] []
[2024-12-17 13:04:02] app.INFO: Protect vendor folder in module ps_accounts [] []
[2024-12-17 13:04:02] request.CRITICAL: Uncaught PHP Exception Http\Client\Exception\RequestException: "cURL error 77: error setting certificate verify locations:  CAfile: /etc/ssl/certs/ca-certificates.crt CApath: /etc/ssl/certs" at /var/www/html/modules/ps_checkout/vendor/prestashop/module-lib-guzzle-adapter/src/Guzzle5/Client.php line 139 {"exception":"[object] (Http\\Client\\Exception\\RequestException(code: 0): cURL error 77: error setting certificate verify locations:  CAfile: /etc/ssl/certs/ca-certificates.crt CApath: /etc/ssl/certs at /var/www/html/modules/ps_checkout/vendor/prestashop/module-lib-guzzle-adapter/src/Guzzle5/Client.php:139, GuzzleHttp\\Exception\\RequestException(code: 0): cURL error 77: error setting certificate verify locations:  CAfile: /etc/ssl/certs/ca-certificates.crt CApath: /etc/ssl/certs at /var/www/html/vendor/guzzlehttp/guzzle/src/Exception/RequestException.php:51, GuzzleHttp\\Ring\\Exception\\RingException(code: 0): cURL error 77: error setting certificate verify locations:  CAfile: /etc/ssl/certs/ca-certificates.crt CApath: /etc/ssl/certs at /var/www/html/vendor/guzzlehttp/ringphp/src/Client/CurlFactory.php:127)"} []
[2024-12-17 13:04:23] request.INFO: Matched route "admin_international_translations_show_settings". {"route":"admin_international_translations_show_settings","route_parameters":{"_controller":"PrestaShopBundle\\Controller\\Admin\\TranslationsController::showSettingsAction","_legacy_controller":"AdminTranslations","_legacy_link":"AdminTranslations:settings","_route":"admin_international_translations_show_settings"},"request_uri":"https://localhost:8443/admin284wsmgoi/index.php/improve/international/translations/settings?_token=h19l7gMAgwkyWBbxknPVbQs2PuNKKWemh1ZWOZN4Iyo","method":"GET"} []
[2024-12-17 13:04:23] security.DEBUG: Read existing security token from the session. {"key":"_security_main","token_class":"Symfony\\Component\\Security\\Core\\Authentication\\Token\\UsernamePasswordToken"} []
[2024-12-17 13:04:23] security.DEBUG: User was reloaded from a user provider. {"provider":"PrestaShopBundle\\Security\\Admin\\EmployeeProvider","username":"presta.biznes@onet.pl"} []
[2024-12-17 13:04:23] app.ERROR: Data from PrestaShop Addons is invalid, and cannot fallback on cache. [] []
[2024-12-17 13:04:24] security.DEBUG: Stored the security token in the session. {"key":"_security_main"} []
[2024-12-17 13:04:26] request.INFO: Matched route "admin_payment_methods". {"route":"admin_payment_methods","route_parameters":{"_controller":"PrestaShopBundle\\Controller\\Admin\\Improve\\Payment\\PaymentMethodsController::indexAction","_legacy_controller":"AdminPayment","_legacy_link":"AdminPayment","_route":"admin_payment_methods"},"request_uri":"https://localhost:8443/admin284wsmgoi/index.php/improve/payment/payment_methods?_token=h19l7gMAgwkyWBbxknPVbQs2PuNKKWemh1ZWOZN4Iyo","method":"GET"} []
[2024-12-17 13:04:26] security.DEBUG: Read existing security token from the session. {"key":"_security_main","token_class":"Symfony\\Component\\Security\\Core\\Authentication\\Token\\UsernamePasswordToken"} []
[2024-12-17 13:04:26] security.DEBUG: User was reloaded from a user provider. {"provider":"PrestaShopBundle\\Security\\Admin\\EmployeeProvider","username":"presta.biznes@onet.pl"} []
[2024-12-17 13:04:26] app.ERROR: Data from PrestaShop Addons is invalid, and cannot fallback on cache. [] []
[2024-12-17 13:04:26] security.DEBUG: Stored the security token in the session. {"key":"_security_main"} []
[2024-12-17 13:04:29] request.INFO: Matched route "admin_payment_preferences". {"route":"admin_payment_preferences","route_parameters":{"_legacy_controller":"AdminPaymentPreferences","_legacy_link":"AdminPaymentPreferences","_controller":"PrestaShopBundle\\Controller\\Admin\\Improve\\Payment\\PaymentPreferencesController::indexAction","_route":"admin_payment_preferences"},"request_uri":"https://localhost:8443/admin284wsmgoi/index.php/improve/payment/preferences?_token=h19l7gMAgwkyWBbxknPVbQs2PuNKKWemh1ZWOZN4Iyo","method":"GET"} []
[2024-12-17 13:04:29] security.DEBUG: Read existing security token from the session. {"key":"_security_main","token_class":"Symfony\\Component\\Security\\Core\\Authentication\\Token\\UsernamePasswordToken"} []
[2024-12-17 13:04:29] security.DEBUG: User was reloaded from a user provider. {"provider":"PrestaShopBundle\\Security\\Admin\\EmployeeProvider","username":"presta.biznes@onet.pl"} []
[2024-12-17 13:04:29] app.ERROR: Data from PrestaShop Addons is invalid, and cannot fallback on cache. [] []
[2024-12-17 13:04:29] security.DEBUG: Stored the security token in the session. {"key":"_security_main"} []
[2024-12-17 13:04:50] request.INFO: Matched route "admin_link_block_list". {"route":"admin_link_block_list","route_parameters":{"_controller":"PrestaShop\\Module\\LinkList\\Controller\\Admin\\Improve\\Design\\LinkBlockController::listAction","_legacy_controller":"AdminLinkWidget","_legacy_link":"AdminLinkWidget","_route":"admin_link_block_list"},"request_uri":"https://localhost:8443/admin284wsmgoi/index.php/modules/link-widget/list?_token=h19l7gMAgwkyWBbxknPVbQs2PuNKKWemh1ZWOZN4Iyo","method":"GET"} []
[2024-12-17 13:04:50] security.DEBUG: Read existing security token from the session. {"key":"_security_main","token_class":"Symfony\\Component\\Security\\Core\\Authentication\\Token\\UsernamePasswordToken"} []
[2024-12-17 13:04:50] security.DEBUG: User was reloaded from a user provider. {"provider":"PrestaShopBundle\\Security\\Admin\\EmployeeProvider","username":"presta.biznes@onet.pl"} []
[2024-12-17 13:04:50] app.ERROR: Data from PrestaShop Addons is invalid, and cannot fallback on cache. [] []
[2024-12-17 13:04:50] security.DEBUG: Stored the security token in the session. {"key":"_security_main"} []
[2024-12-17 13:04:52] request.INFO: Matched route "admin_mbo_catalog_module". {"route":"admin_mbo_catalog_module","route_parameters":{"_controller":"mbo.controller.modules:catalogAction","_legacy_controller":"AdminPsMboModule","_legacy_link":"AdminPsMboModule","_route":"admin_mbo_catalog_module"},"request_uri":"https://localhost:8443/admin284wsmgoi/index.php/modules/addons/modules/catalog?_token=h19l7gMAgwkyWBbxknPVbQs2PuNKKWemh1ZWOZN4Iyo","method":"GET"} []
[2024-12-17 13:04:52] security.DEBUG: Read existing security token from the session. {"key":"_security_main","token_class":"Symfony\\Component\\Security\\Core\\Authentication\\Token\\UsernamePasswordToken"} []
[2024-12-17 13:04:52] security.DEBUG: User was reloaded from a user provider. {"provider":"PrestaShopBundle\\Security\\Admin\\EmployeeProvider","username":"presta.biznes@onet.pl"} []
[2024-12-17 13:04:53] app.ERROR: Data from PrestaShop Addons is invalid, and cannot fallback on cache. [] []
[2024-12-17 13:04:54] app.INFO: Protect vendor folder in module ps_eventbus [] []
[2024-12-17 13:04:54] security.DEBUG: Stored the security token in the session. {"key":"_security_main"} []
[2024-12-17 13:04:54] request.INFO: Matched route "admin_module_manage". {"route":"admin_module_manage","route_parameters":{"category":null,"keyword":null,"_controller":"PrestaShopBundle\\Controller\\Admin\\Improve\\ModuleController::manageAction","_legacy_controller":"AdminModulesManage","_legacy_link":["AdminModulesManage","AdminModulesSf"],"_route":"admin_module_manage"},"request_uri":"https://localhost:8443/admin284wsmgoi/index.php/improve/modules/manage?_token=h19l7gMAgwkyWBbxknPVbQs2PuNKKWemh1ZWOZN4Iyo","method":"GET"} []
[2024-12-17 13:04:54] security.DEBUG: Read existing security token from the session. {"key":"_security_main","token_class":"Symfony\\Component\\Security\\Core\\Authentication\\Token\\UsernamePasswordToken"} []
[2024-12-17 13:04:54] security.DEBUG: User was reloaded from a user provider. {"provider":"PrestaShopBundle\\Security\\Admin\\EmployeeProvider","username":"presta.biznes@onet.pl"} []
[2024-12-17 13:04:54] app.ERROR: Data from PrestaShop Addons is invalid, and cannot fallback on cache. [] []
[2024-12-17 13:04:54] security.DEBUG: Stored the security token in the session. {"key":"_security_main"} []
[2024-12-17 13:04:55] request.INFO: Matched route "admin_module_notification_count". {"route":"admin_module_notification_count","route_parameters":{"_controller":"PrestaShopBundle\\Controller\\Admin\\Improve\\Modules\\AlertsController::notificationsCountAction","_legacy_controller":"AdminModulesNotifications","_legacy_link":"AdminModulesNotifications:count","_route":"admin_module_notification_count"},"request_uri":"https://localhost:8443/admin284wsmgoi/index.php/improve/modules/alerts/count?_token=h19l7gMAgwkyWBbxknPVbQs2PuNKKWemh1ZWOZN4Iyo","method":"GET"} []
[2024-12-17 13:04:55] security.DEBUG: Read existing security token from the session. {"key":"_security_main","token_class":"Symfony\\Component\\Security\\Core\\Authentication\\Token\\UsernamePasswordToken"} []
[2024-12-17 13:04:55] security.DEBUG: User was reloaded from a user provider. {"provider":"PrestaShopBundle\\Security\\Admin\\EmployeeProvider","username":"presta.biznes@onet.pl"} []
[2024-12-17 13:04:55] app.ERROR: Data from PrestaShop Addons is invalid, and cannot fallback on cache. [] []
[2024-12-17 13:04:55] security.DEBUG: Stored the security token in the session. {"key":"_security_main"} []
[2024-12-17 13:04:57] request.INFO: Matched route "admin_mbo_uninstalled_modules". {"route":"admin_mbo_uninstalled_modules","route_parameters":{"_controller":"mbo.controller.modules:uninstalledAction","_legacy_controller":"AdminPsMboUninstalledModules","_legacy_link":"AdminPsMboUninstalledModules","_route":"admin_mbo_uninstalled_modules"},"request_uri":"https://localhost:8443/admin284wsmgoi/index.php/modules/addons/modules/uninstalled?_token=h19l7gMAgwkyWBbxknPVbQs2PuNKKWemh1ZWOZN4Iyo","method":"GET"} []
[2024-12-17 13:04:57] security.DEBUG: Read existing security token from the session. {"key":"_security_main","token_class":"Symfony\\Component\\Security\\Core\\Authentication\\Token\\UsernamePasswordToken"} []
[2024-12-17 13:04:57] security.DEBUG: User was reloaded from a user provider. {"provider":"PrestaShopBundle\\Security\\Admin\\EmployeeProvider","username":"presta.biznes@onet.pl"} []
[2024-12-17 13:04:57] app.ERROR: Data from PrestaShop Addons is invalid, and cannot fallback on cache. [] []
[2024-12-17 13:04:58] security.DEBUG: Stored the security token in the session. {"key":"_security_main"} []
[2024-12-17 13:04:58] request.INFO: Matched route "admin_module_notification". {"route":"admin_module_notification","route_parameters":{"_controller":"PrestaShopBundle\\Controller\\Admin\\Improve\\Modules\\AlertsController::indexAction","_legacy_controller":"AdminModulesNotifications","_legacy_link":"AdminModulesNotifications","_route":"admin_module_notification"},"request_uri":"https://localhost:8443/admin284wsmgoi/index.php/improve/modules/alerts?_token=h19l7gMAgwkyWBbxknPVbQs2PuNKKWemh1ZWOZN4Iyo","method":"GET"} []
[2024-12-17 13:04:58] security.DEBUG: Read existing security token from the session. {"key":"_security_main","token_class":"Symfony\\Component\\Security\\Core\\Authentication\\Token\\UsernamePasswordToken"} []
[2024-12-17 13:04:58] security.DEBUG: User was reloaded from a user provider. {"provider":"PrestaShopBundle\\Security\\Admin\\EmployeeProvider","username":"presta.biznes@onet.pl"} []
[2024-12-17 13:04:58] app.ERROR: Data from PrestaShop Addons is invalid, and cannot fallback on cache. [] []
[2024-12-17 13:04:58] security.DEBUG: Stored the security token in the session. {"key":"_security_main"} []
[2024-12-17 13:04:58] request.INFO: Matched route "admin_module_updates". {"route":"admin_module_updates","route_parameters":{"_controller":"PrestaShopBundle\\Controller\\Admin\\Improve\\Modules\\UpdatesController::indexAction","_legacy_controller":"AdminModulesUpdates","_legacy_link":"AdminModulesUpdates","_route":"admin_module_updates"},"request_uri":"https://localhost:8443/admin284wsmgoi/index.php/improve/modules/updates?_token=h19l7gMAgwkyWBbxknPVbQs2PuNKKWemh1ZWOZN4Iyo","method":"GET"} []
[2024-12-17 13:04:58] security.DEBUG: Read existing security token from the session. {"key":"_security_main","token_class":"Symfony\\Component\\Security\\Core\\Authentication\\Token\\UsernamePasswordToken"} []
[2024-12-17 13:04:58] security.DEBUG: User was reloaded from a user provider. {"provider":"PrestaShopBundle\\Security\\Admin\\EmployeeProvider","username":"presta.biznes@onet.pl"} []
[2024-12-17 13:04:58] app.ERROR: Data from PrestaShop Addons is invalid, and cannot fallback on cache. [] []
[2024-12-17 13:04:58] security.DEBUG: Stored the security token in the session. {"key":"_security_main"} []
[2024-12-17 13:04:58] request.INFO: Matched route "admin_module_notification_count". {"route":"admin_module_notification_count","route_parameters":{"_controller":"PrestaShopBundle\\Controller\\Admin\\Improve\\Modules\\AlertsController::notificationsCountAction","_legacy_controller":"AdminModulesNotifications","_legacy_link":"AdminModulesNotifications:count","_route":"admin_module_notification_count"},"request_uri":"https://localhost:8443/admin284wsmgoi/index.php/improve/modules/alerts/count?_token=h19l7gMAgwkyWBbxknPVbQs2PuNKKWemh1ZWOZN4Iyo","method":"GET"} []
[2024-12-17 13:04:59] security.DEBUG: Read existing security token from the session. {"key":"_security_main","token_class":"Symfony\\Component\\Security\\Core\\Authentication\\Token\\UsernamePasswordToken"} []
[2024-12-17 13:04:59] security.DEBUG: User was reloaded from a user provider. {"provider":"PrestaShopBundle\\Security\\Admin\\EmployeeProvider","username":"presta.biznes@onet.pl"} []
[2024-12-17 13:04:59] app.ERROR: Data from PrestaShop Addons is invalid, and cannot fallback on cache. [] []
[2024-12-17 13:04:59] security.DEBUG: Stored the security token in the session. {"key":"_security_main"} []
[2024-12-17 13:05:43] request.CRITICAL: Uncaught PHP Exception PrestaShop\PrestaShop\Core\Localization\Exception\LocalizationException: "Price specification not found for currency: """ at /var/www/html/src/Core/Localization/Locale.php line 170 {"exception":"[object] (PrestaShop\\PrestaShop\\Core\\Localization\\Exception\\LocalizationException(code: 0): Price specification not found for currency: \"\" at /var/www/html/src/Core/Localization/Locale.php:170)"} []
[2024-12-17 13:09:56] request.INFO: Matched route "admin_module_manage". {"route":"admin_module_manage","route_parameters":{"category":null,"keyword":null,"_controller":"PrestaShopBundle\\Controller\\Admin\\Improve\\ModuleController::manageAction","_legacy_controller":"AdminModulesManage","_legacy_link":["AdminModulesManage","AdminModulesSf"],"_route":"admin_module_manage"},"request_uri":"https://localhost:8443/admin284wsmgoi/index.php/improve/modules/manage?_token=h19l7gMAgwkyWBbxknPVbQs2PuNKKWemh1ZWOZN4Iyo","method":"GET"} []
[2024-12-17 13:09:56] security.DEBUG: Read existing security token from the session. {"key":"_security_main","token_class":"Symfony\\Component\\Security\\Core\\Authentication\\Token\\UsernamePasswordToken"} []
[2024-12-17 13:09:56] security.DEBUG: User was reloaded from a user provider. {"provider":"PrestaShopBundle\\Security\\Admin\\EmployeeProvider","username":"presta.biznes@onet.pl"} []
[2024-12-17 13:09:56] app.ERROR: Data from PrestaShop Addons is invalid, and cannot fallback on cache. [] []
[2024-12-17 13:09:56] security.DEBUG: Stored the security token in the session. {"key":"_security_main"} []
[2024-12-17 13:09:56] request.INFO: Matched route "admin_module_notification_count". {"route":"admin_module_notification_count","route_parameters":{"_controller":"PrestaShopBundle\\Controller\\Admin\\Improve\\Modules\\AlertsController::notificationsCountAction","_legacy_controller":"AdminModulesNotifications","_legacy_link":"AdminModulesNotifications:count","_route":"admin_module_notification_count"},"request_uri":"https://localhost:8443/admin284wsmgoi/index.php/improve/modules/alerts/count?_token=h19l7gMAgwkyWBbxknPVbQs2PuNKKWemh1ZWOZN4Iyo","method":"GET"} []
[2024-12-17 13:09:56] security.DEBUG: Read existing security token from the session. {"key":"_security_main","token_class":"Symfony\\Component\\Security\\Core\\Authentication\\Token\\UsernamePasswordToken"} []
[2024-12-17 13:09:56] security.DEBUG: User was reloaded from a user provider. {"provider":"PrestaShopBundle\\Security\\Admin\\EmployeeProvider","username":"presta.biznes@onet.pl"} []
[2024-12-17 13:09:56] app.ERROR: Data from PrestaShop Addons is invalid, and cannot fallback on cache. [] []
[2024-12-17 13:09:57] security.DEBUG: Stored the security token in the session. {"key":"_security_main"} []
[2024-12-17 13:10:01] request.INFO: Matched route "admin_module_manage_action". {"route":"admin_module_manage_action","route_parameters":{"_controller":"PrestaShopBundle\\Controller\\Admin\\Improve\\ModuleController::moduleAction","action":"uninstall","module_name":"ps_checkpayment","_route":"admin_module_manage_action"},"request_uri":"https://localhost:8443/admin284wsmgoi/index.php/improve/modules/manage/action/uninstall/ps_checkpayment?_token=h19l7gMAgwkyWBbxknPVbQs2PuNKKWemh1ZWOZN4Iyo","method":"POST"} []
[2024-12-17 13:10:01] security.DEBUG: Read existing security token from the session. {"key":"_security_main","token_class":"Symfony\\Component\\Security\\Core\\Authentication\\Token\\UsernamePasswordToken"} []
[2024-12-17 13:10:01] security.DEBUG: User was reloaded from a user provider. {"provider":"PrestaShopBundle\\Security\\Admin\\EmployeeProvider","username":"presta.biznes@onet.pl"} []
[2024-12-17 13:10:01] app.ERROR: Data from PrestaShop Addons is invalid, and cannot fallback on cache. [] []
[2024-12-17 13:10:01] security.DEBUG: Stored the security token in the session. {"key":"_security_main"} []
[2024-12-17 13:10:05] request.INFO: Matched route "admin_module_manage". {"route":"admin_module_manage","route_parameters":{"category":null,"keyword":null,"_controller":"PrestaShopBundle\\Controller\\Admin\\Improve\\ModuleController::manageAction","_legacy_controller":"AdminModulesManage","_legacy_link":["AdminModulesManage","AdminModulesSf"],"_route":"admin_module_manage"},"request_uri":"https://localhost:8443/admin284wsmgoi/index.php/improve/modules/manage?_token=h19l7gMAgwkyWBbxknPVbQs2PuNKKWemh1ZWOZN4Iyo","method":"GET"} []
[2024-12-17 13:10:05] security.DEBUG: Read existing security token from the session. {"key":"_security_main","token_class":"Symfony\\Component\\Security\\Core\\Authentication\\Token\\UsernamePasswordToken"} []
[2024-12-17 13:10:05] security.DEBUG: User was reloaded from a user provider. {"provider":"PrestaShopBundle\\Security\\Admin\\EmployeeProvider","username":"presta.biznes@onet.pl"} []
[2024-12-17 13:10:05] app.ERROR: Data from PrestaShop Addons is invalid, and cannot fallback on cache. [] []
[2024-12-17 13:10:06] security.DEBUG: Stored the security token in the session. {"key":"_security_main"} []
[2024-12-17 13:10:07] request.INFO: Matched route "admin_module_notification_count". {"route":"admin_module_notification_count","route_parameters":{"_controller":"PrestaShopBundle\\Controller\\Admin\\Improve\\Modules\\AlertsController::notificationsCountAction","_legacy_controller":"AdminModulesNotifications","_legacy_link":"AdminModulesNotifications:count","_route":"admin_module_notification_count"},"request_uri":"https://localhost:8443/admin284wsmgoi/index.php/improve/modules/alerts/count?_token=h19l7gMAgwkyWBbxknPVbQs2PuNKKWemh1ZWOZN4Iyo","method":"GET"} []
[2024-12-17 13:10:07] security.DEBUG: Read existing security token from the session. {"key":"_security_main","token_class":"Symfony\\Component\\Security\\Core\\Authentication\\Token\\UsernamePasswordToken"} []
[2024-12-17 13:10:07] security.DEBUG: User was reloaded from a user provider. {"provider":"PrestaShopBundle\\Security\\Admin\\EmployeeProvider","username":"presta.biznes@onet.pl"} []
[2024-12-17 13:10:07] app.ERROR: Data from PrestaShop Addons is invalid, and cannot fallback on cache. [] []
[2024-12-17 13:10:07] security.DEBUG: Stored the security token in the session. {"key":"_security_main"} []
[2024-12-17 13:10:23] request.INFO: Matched route "admin_module_notification_count". {"route":"admin_module_notification_count","route_parameters":{"_controller":"PrestaShopBundle\\Controller\\Admin\\Improve\\Modules\\AlertsController::notificationsCountAction","_legacy_controller":"AdminModulesNotifications","_legacy_link":"AdminModulesNotifications:count","_route":"admin_module_notification_count"},"request_uri":"https://localhost:8443/admin284wsmgoi/index.php/improve/modules/alerts/count?_token=h19l7gMAgwkyWBbxknPVbQs2PuNKKWemh1ZWOZN4Iyo","method":"GET"} []
[2024-12-17 13:10:23] security.DEBUG: Read existing security token from the session. {"key":"_security_main","token_class":"Symfony\\Component\\Security\\Core\\Authentication\\Token\\UsernamePasswordToken"} []
[2024-12-17 13:10:23] security.DEBUG: User was reloaded from a user provider. {"provider":"PrestaShopBundle\\Security\\Admin\\EmployeeProvider","username":"presta.biznes@onet.pl"} []
[2024-12-17 13:10:23] app.ERROR: Data from PrestaShop Addons is invalid, and cannot fallback on cache. [] []
[2024-12-17 13:10:23] security.DEBUG: Stored the security token in the session. {"key":"_security_main"} []
[2024-12-17 13:10:28] request.INFO: Matched route "admin_module_manage_action". {"route":"admin_module_manage_action","route_parameters":{"_controller":"PrestaShopBundle\\Controller\\Admin\\Improve\\ModuleController::moduleAction","action":"install","module_name":"ps_cashondelivery","_route":"admin_module_manage_action"},"request_uri":"https://localhost:8443/admin284wsmgoi/index.php/improve/modules/manage/action/install/ps_cashondelivery?_token=h19l7gMAgwkyWBbxknPVbQs2PuNKKWemh1ZWOZN4Iyo&module_id=24637","method":"POST"} []
[2024-12-17 13:10:28] security.DEBUG: Read existing security token from the session. {"key":"_security_main","token_class":"Symfony\\Component\\Security\\Core\\Authentication\\Token\\UsernamePasswordToken"} []
[2024-12-17 13:10:28] security.DEBUG: User was reloaded from a user provider. {"provider":"PrestaShopBundle\\Security\\Admin\\EmployeeProvider","username":"presta.biznes@onet.pl"} []
[2024-12-17 13:10:28] app.ERROR: Data from PrestaShop Addons is invalid, and cannot fallback on cache. [] []
[2024-12-17 13:10:28] app.INFO: Protect vendor folder in module ps_cashondelivery [] []
[2024-12-17 13:10:28] security.DEBUG: Stored the security token in the session. {"key":"_security_main"} []
[2024-12-17 13:11:54] request.INFO: Matched route "admin_payment_preferences". {"route":"admin_payment_preferences","route_parameters":{"_legacy_controller":"AdminPaymentPreferences","_legacy_link":"AdminPaymentPreferences","_controller":"PrestaShopBundle\\Controller\\Admin\\Improve\\Payment\\PaymentPreferencesController::indexAction","_route":"admin_payment_preferences"},"request_uri":"https://localhost:8443/admin284wsmgoi/index.php/improve/payment/preferences?_token=h19l7gMAgwkyWBbxknPVbQs2PuNKKWemh1ZWOZN4Iyo","method":"GET"} []
[2024-12-17 13:11:54] security.DEBUG: Read existing security token from the session. {"key":"_security_main","token_class":"Symfony\\Component\\Security\\Core\\Authentication\\Token\\UsernamePasswordToken"} []
[2024-12-17 13:11:54] security.DEBUG: User was reloaded from a user provider. {"provider":"PrestaShopBundle\\Security\\Admin\\EmployeeProvider","username":"presta.biznes@onet.pl"} []
[2024-12-17 13:11:54] app.ERROR: Data from PrestaShop Addons is invalid, and cannot fallback on cache. [] []
[2024-12-17 13:11:55] security.DEBUG: Stored the security token in the session. {"key":"_security_main"} []
[2024-12-17 13:14:08] request.INFO: Matched route "admin_payment_preferences". {"route":"admin_payment_preferences","route_parameters":{"_legacy_controller":"AdminPaymentPreferences","_legacy_link":"AdminPaymentPreferences","_controller":"PrestaShopBundle\\Controller\\Admin\\Improve\\Payment\\PaymentPreferencesController::indexAction","_route":"admin_payment_preferences"},"request_uri":"https://localhost:8443/admin284wsmgoi/index.php/improve/payment/preferences?_token=h19l7gMAgwkyWBbxknPVbQs2PuNKKWemh1ZWOZN4Iyo","method":"GET"} []
[2024-12-17 13:14:08] security.DEBUG: Read existing security token from the session. {"key":"_security_main","token_class":"Symfony\\Component\\Security\\Core\\Authentication\\Token\\UsernamePasswordToken"} []
[2024-12-17 13:14:08] security.DEBUG: User was reloaded from a user provider. {"provider":"PrestaShopBundle\\Security\\Admin\\EmployeeProvider","username":"presta.biznes@onet.pl"} []
[2024-12-17 13:14:08] app.ERROR: Data from PrestaShop Addons is invalid, and cannot fallback on cache. [] []
[2024-12-17 13:14:08] security.DEBUG: Stored the security token in the session. {"key":"_security_main"} []
[2024-12-17 13:14:13] request.INFO: Matched route "admin_payment_preferences_process". {"route":"admin_payment_preferences_process","route_parameters":{"_legacy_controller":"AdminPaymentPreferences","_legacy_link":"AdminPaymentPreferences:update","_controller":"PrestaShopBundle\\Controller\\Admin\\Improve\\Payment\\PaymentPreferencesController::processFormAction","_route":"admin_payment_preferences_process"},"request_uri":"https://localhost:8443/admin284wsmgoi/index.php/improve/payment/preferences?_token=h19l7gMAgwkyWBbxknPVbQs2PuNKKWemh1ZWOZN4Iyo","method":"POST"} []
[2024-12-17 13:14:13] security.DEBUG: Read existing security token from the session. {"key":"_security_main","token_class":"Symfony\\Component\\Security\\Core\\Authentication\\Token\\UsernamePasswordToken"} []
[2024-12-17 13:14:13] security.DEBUG: User was reloaded from a user provider. {"provider":"PrestaShopBundle\\Security\\Admin\\EmployeeProvider","username":"presta.biznes@onet.pl"} []
[2024-12-17 13:14:13] app.ERROR: Data from PrestaShop Addons is invalid, and cannot fallback on cache. [] []
[2024-12-17 13:14:13] security.DEBUG: Stored the security token in the session. {"key":"_security_main"} []
[2024-12-17 13:14:13] request.INFO: Matched route "admin_payment_preferences". {"route":"admin_payment_preferences","route_parameters":{"_legacy_controller":"AdminPaymentPreferences","_legacy_link":"AdminPaymentPreferences","_controller":"PrestaShopBundle\\Controller\\Admin\\Improve\\Payment\\PaymentPreferencesController::indexAction","_route":"admin_payment_preferences"},"request_uri":"https://localhost:8443/admin284wsmgoi/index.php/improve/payment/preferences?_token=h19l7gMAgwkyWBbxknPVbQs2PuNKKWemh1ZWOZN4Iyo","method":"GET"} []
[2024-12-17 13:14:13] security.DEBUG: Read existing security token from the session. {"key":"_security_main","token_class":"Symfony\\Component\\Security\\Core\\Authentication\\Token\\UsernamePasswordToken"} []
[2024-12-17 13:14:13] security.DEBUG: User was reloaded from a user provider. {"provider":"PrestaShopBundle\\Security\\Admin\\EmployeeProvider","username":"presta.biznes@onet.pl"} []
[2024-12-17 13:14:13] app.ERROR: Data from PrestaShop Addons is invalid, and cannot fallback on cache. [] []
[2024-12-17 13:14:13] security.DEBUG: Stored the security token in the session. {"key":"_security_main"} []
[2024-12-17 13:16:15] request.INFO: Matched route "admin_product_form". {"route":"admin_product_form","route_parameters":{"_controller":"PrestaShopBundle\\Controller\\Admin\\ProductController::formAction","_legacy_controller":"AdminProducts","_legacy_param_mapper_class":"PrestaShop\\PrestaShop\\Adapter\\Product\\AdminProductDataProvider","_legacy_param_mapper_method":"mapLegacyParametersProductForm","id":"7790","_route":"admin_product_form"},"request_uri":"https://localhost:8443/admin284wsmgoi/index.php/sell/catalog/products/7790?_token=h19l7gMAgwkyWBbxknPVbQs2PuNKKWemh1ZWOZN4Iyo","method":"GET"} []
[2024-12-17 13:16:15] security.DEBUG: Read existing security token from the session. {"key":"_security_main","token_class":"Symfony\\Component\\Security\\Core\\Authentication\\Token\\UsernamePasswordToken"} []
[2024-12-17 13:16:15] security.DEBUG: User was reloaded from a user provider. {"provider":"PrestaShopBundle\\Security\\Admin\\EmployeeProvider","username":"presta.biznes@onet.pl"} []
[2024-12-17 13:16:15] app.ERROR: Data from PrestaShop Addons is invalid, and cannot fallback on cache. [] []
[2024-12-17 13:16:15] security.DEBUG: Stored the security token in the session. {"key":"_security_main"} []
[2024-12-17 13:17:28] request.INFO: Matched route "admin_product_form". {"route":"admin_product_form","route_parameters":{"_controller":"PrestaShopBundle\\Controller\\Admin\\ProductController::formAction","_legacy_controller":"AdminProducts","_legacy_param_mapper_class":"PrestaShop\\PrestaShop\\Adapter\\Product\\AdminProductDataProvider","_legacy_param_mapper_method":"mapLegacyParametersProductForm","id":"7790","_route":"admin_product_form"},"request_uri":"https://localhost:8443/admin284wsmgoi/index.php/sell/catalog/products/7790?_token=h19l7gMAgwkyWBbxknPVbQs2PuNKKWemh1ZWOZN4Iyo","method":"GET"} []
[2024-12-17 13:17:28] security.DEBUG: Read existing security token from the session. {"key":"_security_main","token_class":"Symfony\\Component\\Security\\Core\\Authentication\\Token\\UsernamePasswordToken"} []
[2024-12-17 13:17:28] security.DEBUG: User was reloaded from a user provider. {"provider":"PrestaShopBundle\\Security\\Admin\\EmployeeProvider","username":"presta.biznes@onet.pl"} []
[2024-12-17 13:17:28] app.ERROR: Data from PrestaShop Addons is invalid, and cannot fallback on cache. [] []
[2024-12-17 13:17:28] security.DEBUG: Stored the security token in the session. {"key":"_security_main"} []
