This file contains any messages produced by compilers while
running configure, to aid debugging if configure makes a mistake.

It was created by configure, which was
generated by GNU Autoconf 2.69.  Invocation command line was

  $ ./configure 

## --------- ##
## Platform. ##
## --------- ##

hostname = a723eaa74828
uname -m = x86_64
uname -r = 5.15.153.1-microsoft-standard-WSL2
uname -s = Linux
uname -v = #1 SMP Fri Mar 29 23:14:13 UTC 2024

/usr/bin/uname -p = unknown
/bin/uname -X     = unknown

/bin/arch              = unknown
/usr/bin/arch -k       = unknown
/usr/convex/getsysinfo = unknown
/usr/bin/hostinfo      = unknown
/bin/machine           = unknown
/usr/bin/oslevel       = unknown
/bin/universe          = unknown

PATH: /usr/local/sbin
PATH: /usr/local/bin
PATH: /usr/sbin
PATH: /usr/bin
PATH: /sbin
PATH: /bin


## ----------- ##
## Core tests. ##
## ----------- ##

configure:2366: checking for grep that handles long lines and -e
configure:2424: result: /bin/grep
configure:2429: checking for egrep
configure:2491: result: /bin/grep -E
configure:2496: checking for a sed that does not truncate output
configure:2560: result: /bin/sed
configure:2699: checking for pkg-config
configure:2717: found /usr/bin/pkg-config
configure:2729: result: /usr/bin/pkg-config
configure:2754: checking pkg-config is at least version 0.9.0
configure:2757: result: yes
configure:2819: checking for cc
configure:2835: found /usr/bin/cc
configure:2846: result: cc
configure:2877: checking for C compiler version
configure:2886: cc --version >&5
cc (Debian 10.2.1-6) 10.2.1 20210110
Copyright (C) 2020 Free Software Foundation, Inc.
This is free software; see the source for copying conditions.  There is NO
warranty; not even for MERCHANTABILITY or FITNESS FOR A PARTICULAR PURPOSE.

configure:2897: $? = 0
configure:2886: cc -v >&5
Using built-in specs.
COLLECT_GCC=cc
COLLECT_LTO_WRAPPER=/usr/lib/gcc/x86_64-linux-gnu/10/lto-wrapper
OFFLOAD_TARGET_NAMES=nvptx-none:amdgcn-amdhsa:hsa
OFFLOAD_TARGET_DEFAULT=1
Target: x86_64-linux-gnu
Configured with: ../src/configure -v --with-pkgversion='Debian 10.2.1-6' --with-bugurl=file:///usr/share/doc/gcc-10/README.Bugs --enable-languages=c,ada,c++,go,brig,d,fortran,objc,obj-c++,m2 --prefix=/usr --with-gcc-major-version-only --program-suffix=-10 --program-prefix=x86_64-linux-gnu- --enable-shared --enable-linker-build-id --libexecdir=/usr/lib --without-included-gettext --enable-threads=posix --libdir=/usr/lib --enable-nls --enable-bootstrap --enable-clocale=gnu --enable-libstdcxx-debug --enable-libstdcxx-time=yes --with-default-libstdcxx-abi=new --enable-gnu-unique-object --disable-vtable-verify --enable-plugin --enable-default-pie --with-system-zlib --enable-libphobos-checking=release --with-target-system-zlib=auto --enable-objc-gc=auto --enable-multiarch --disable-werror --with-arch-32=i686 --with-abi=m64 --with-multilib-list=m32,m64,mx32 --enable-multilib --with-tune=generic --enable-offload-targets=nvptx-none=/build/gcc-10-Km9U7s/gcc-10-10.2.1/debian/tmp-nvptx/usr,amdgcn-amdhsa=/build/gcc-10-Km9U7s/gcc-10-10.2.1/debian/tmp-gcn/usr,hsa --without-cuda-driver --enable-checking=release --build=x86_64-linux-gnu --host=x86_64-linux-gnu --target=x86_64-linux-gnu --with-build-config=bootstrap-lto-lean --enable-link-mutex
Thread model: posix
Supported LTO compression algorithms: zlib zstd
gcc version 10.2.1 20210110 (Debian 10.2.1-6) 
... rest of stderr output deleted ...
configure:2897: $? = 0
configure:2886: cc -V >&5
cc: error: unrecognized command-line option '-V'
cc: fatal error: no input files
compilation terminated.
configure:2897: $? = 1
configure:2886: cc -qversion >&5
cc: error: unrecognized command-line option '-qversion'; did you mean '--version'?
cc: fatal error: no input files
compilation terminated.
configure:2897: $? = 1
configure:2917: checking whether the C compiler works
configure:2939: cc    conftest.c  >&5
configure:2943: $? = 0
configure:2991: result: yes
configure:2994: checking for C compiler default output file name
configure:2996: result: a.out
configure:3002: checking for suffix of executables
configure:3009: cc -o conftest    conftest.c  >&5
configure:3013: $? = 0
configure:3035: result: 
configure:3057: checking whether we are cross compiling
configure:3065: cc -o conftest    conftest.c  >&5
configure:3069: $? = 0
configure:3076: ./conftest
configure:3080: $? = 0
configure:3095: result: no
configure:3100: checking for suffix of object files
configure:3122: cc -c   conftest.c >&5
configure:3126: $? = 0
configure:3147: result: o
configure:3151: checking whether we are using the GNU C compiler
configure:3170: cc -c   conftest.c >&5
configure:3170: $? = 0
configure:3179: result: yes
configure:3188: checking whether cc accepts -g
configure:3208: cc -c -g  conftest.c >&5
configure:3208: $? = 0
configure:3249: result: yes
configure:3266: checking for cc option to accept ISO C89
configure:3329: cc  -c -g -O2  conftest.c >&5
configure:3329: $? = 0
configure:3342: result: none needed
configure:3368: checking how to run the C preprocessor
configure:3399: cc -E  conftest.c
configure:3399: $? = 0
configure:3413: cc -E  conftest.c
conftest.c:9:10: fatal error: ac_nonexistent.h: No such file or directory
    9 | #include <ac_nonexistent.h>
      |          ^~~~~~~~~~~~~~~~~~
compilation terminated.
configure:3413: $? = 1
configure: failed program was:
| /* confdefs.h */
| #define PACKAGE_NAME ""
| #define PACKAGE_TARNAME ""
| #define PACKAGE_VERSION ""
| #define PACKAGE_STRING ""
| #define PACKAGE_BUGREPORT ""
| #define PACKAGE_URL ""
| /* end confdefs.h.  */
| #include <ac_nonexistent.h>
configure:3438: result: cc -E
configure:3458: cc -E  conftest.c
configure:3458: $? = 0
configure:3472: cc -E  conftest.c
conftest.c:9:10: fatal error: ac_nonexistent.h: No such file or directory
    9 | #include <ac_nonexistent.h>
      |          ^~~~~~~~~~~~~~~~~~
compilation terminated.
configure:3472: $? = 1
configure: failed program was:
| /* confdefs.h */
| #define PACKAGE_NAME ""
| #define PACKAGE_TARNAME ""
| #define PACKAGE_VERSION ""
| #define PACKAGE_STRING ""
| #define PACKAGE_BUGREPORT ""
| #define PACKAGE_URL ""
| /* end confdefs.h.  */
| #include <ac_nonexistent.h>
configure:3503: checking for icc
configure:3512: result: no
configure:3526: checking for suncc
configure:3535: result: no
configure:3553: checking for system library directory
configure:3568: result: lib
configure:3575: checking if compiler supports -R
configure:3594: cc -o conftest -g -O2   conftest.c -R /usr/lib  >&5
cc: error: unrecognized command-line option '-R'
configure:3594: $? = 1
configure: failed program was:
| /* confdefs.h */
| #define PACKAGE_NAME ""
| #define PACKAGE_TARNAME ""
| #define PACKAGE_VERSION ""
| #define PACKAGE_STRING ""
| #define PACKAGE_BUGREPORT ""
| #define PACKAGE_URL ""
| /* end confdefs.h.  */
| 
| int
| main ()
| {
| 
|   ;
|   return 0;
| }
configure:3604: result: no
configure:3609: checking if compiler supports -Wl,-rpath,
configure:3628: cc -o conftest -g -O2   conftest.c -Wl,-rpath,/usr/lib  >&5
configure:3628: $? = 0
configure:3638: result: yes
configure:3654: checking build system type
configure:3668: result: x86_64-pc-linux-gnu
configure:3688: checking host system type
configure:3701: result: x86_64-pc-linux-gnu
configure:3721: checking target system type
configure:3734: result: x86_64-pc-linux-gnu
configure:3837: checking for PHP prefix
configure:3839: result: /usr/local
configure:3841: checking for PHP includes
configure:3843: result: -I/usr/local/include/php -I/usr/local/include/php/main -I/usr/local/include/php/TSRM -I/usr/local/include/php/Zend -I/usr/local/include/php/ext -I/usr/local/include/php/ext/date/lib
configure:3845: checking for PHP extension directory
configure:3847: result: /usr/local/lib/php/extensions/no-debug-non-zts-20190902
configure:3849: checking for PHP installed headers prefix
configure:3851: result: /usr/local/include/php
configure:3854: checking if debug is enabled
configure:3880: result: no
configure:3883: checking if zts is enabled
configure:3909: result: no
configure:3977: checking for gawk
configure:4008: result: no
configure:3977: checking for nawk
configure:3994: found /usr/bin/nawk
configure:4005: result: nawk
configure:4028: checking if nawk is broken
configure:4035: result: no
configure:4049: checking whether to enable memcached support
configure:4088: result: yes, shared
configure:4097: checking for libmemcached
configure:4137: result: yes, shared
configure:4146: checking whether to enable memcached session handler support
configure:4160: result: yes
configure:4169: checking whether to enable memcached igbinary serializer support
configure:4183: result: no
configure:4192: checking whether to enable memcached json serializer support
configure:4206: result: no
configure:4215: checking whether to enable memcached msgpack serializer support
configure:4229: result: no
configure:4238: checking whether to enable memcached sasl support
configure:4252: result: yes
configure:4261: checking whether to enable memcached protocol support
configure:4275: result: no
configure:4284: checking whether to use system FastLZ library
configure:4299: result: no
configure:4309: checking for ZLIB
configure:4349: result: yes, shared
configure:4373: checking for pkg-config
configure:4404: result: /usr/bin/pkg-config
configure:4440: checking for zlib location
configure:4443: result: /usr
configure:4578: checking for session includes
configure:4599: result: /usr/local/include/php
configure:4691: checking for memcached session support
configure:4694: result: enabled
configure:4727: checking for memcached igbinary support
configure:4759: result: disabled
configure:4763: checking for memcached msgpack support
configure:4795: result: disabled
configure:4799: checking for libmemcached location
configure:4814: error: memcached support requires libmemcached. Use --with-libmemcached-dir=<DIR> to specify the prefix where libmemcached headers and library are located

## ---------------- ##
## Cache variables. ##
## ---------------- ##

ac_cv_build=x86_64-pc-linux-gnu
ac_cv_c_compiler_gnu=yes
ac_cv_env_CC_set=
ac_cv_env_CC_value=
ac_cv_env_CFLAGS_set=
ac_cv_env_CFLAGS_value=
ac_cv_env_CPPFLAGS_set=
ac_cv_env_CPPFLAGS_value=
ac_cv_env_CPP_set=
ac_cv_env_CPP_value=
ac_cv_env_LDFLAGS_set=
ac_cv_env_LDFLAGS_value=
ac_cv_env_LIBS_set=
ac_cv_env_LIBS_value=
ac_cv_env_PKG_CONFIG_LIBDIR_set=
ac_cv_env_PKG_CONFIG_LIBDIR_value=
ac_cv_env_PKG_CONFIG_PATH_set=
ac_cv_env_PKG_CONFIG_PATH_value=
ac_cv_env_PKG_CONFIG_set=
ac_cv_env_PKG_CONFIG_value=
ac_cv_env_build_alias_set=
ac_cv_env_build_alias_value=
ac_cv_env_host_alias_set=
ac_cv_env_host_alias_value=
ac_cv_env_target_alias_set=
ac_cv_env_target_alias_value=
ac_cv_host=x86_64-pc-linux-gnu
ac_cv_objext=o
ac_cv_path_EGREP='/bin/grep -E'
ac_cv_path_GREP=/bin/grep
ac_cv_path_PKG_CONFIG=/usr/bin/pkg-config
ac_cv_path_SED=/bin/sed
ac_cv_path_ac_pt_PKG_CONFIG=/usr/bin/pkg-config
ac_cv_prog_AWK=nawk
ac_cv_prog_CPP='cc -E'
ac_cv_prog_ac_ct_CC=cc
ac_cv_prog_cc_c89=
ac_cv_prog_cc_g=yes
ac_cv_target=x86_64-pc-linux-gnu
php_cv_cc_dashr=no
php_cv_cc_rpath=yes

## ----------------- ##
## Output variables. ##
## ----------------- ##

AR=''
AWK='nawk'
CC='cc'
CFLAGS='-g -O2'
CONFIGURE_COMMAND=' '\''./configure'\'' '
CONFIGURE_OPTIONS=''
CPP='cc -E'
CPPFLAGS=''
DEFS=''
DSYMUTIL=''
ECHO='echo'
ECHO_C=''
ECHO_N='-n'
ECHO_T=''
EGREP='/bin/grep -E'
EXEEXT=''
GREP='/bin/grep'
LDFLAGS=''
LIBOBJS=''
LIBS=''
LIBTOOL=''
LN_S=''
LTLIBOBJS=''
NMEDIT=''
OBJEXT='o'
PACKAGE_BUGREPORT=''
PACKAGE_NAME=''
PACKAGE_STRING=''
PACKAGE_TARNAME=''
PACKAGE_URL=''
PACKAGE_VERSION=''
PATH_SEPARATOR=':'
PKG_CONFIG='/usr/bin/pkg-config'
PKG_CONFIG_LIBDIR=''
PKG_CONFIG_PATH=':/usr/local/lib/pkgconfig:/usr/lib/pkgconfig:/opt/lib/pkgconfig'
RANLIB=''
SED='/bin/sed'
SHELL='/bin/bash'
SHLIB_DL_SUFFIX_NAME='so'
SHLIB_SUFFIX_NAME='so'
STRIP=''
ac_ct_CC='cc'
bindir='${exec_prefix}/bin'
build='x86_64-pc-linux-gnu'
build_alias=''
build_cpu='x86_64'
build_os='linux-gnu'
build_vendor='pc'
datadir='${datarootdir}'
datarootdir='${prefix}/share'
docdir='${datarootdir}/doc/${PACKAGE}'
dvidir='${docdir}'
exec_prefix='NONE'
host='x86_64-pc-linux-gnu'
host_alias='x86_64-pc-linux-gnu'
host_cpu='x86_64'
host_os='linux-gnu'
host_vendor='pc'
htmldir='${docdir}'
includedir='${prefix}/include'
infodir='${datarootdir}/info'
libdir='${exec_prefix}/lib'
libexecdir='${exec_prefix}/libexec'
localedir='${datarootdir}/locale'
localstatedir='${prefix}/var'
mandir='${datarootdir}/man'
oldincludedir='/usr/include'
pdfdir='${docdir}'
prefix='/usr/local'
program_transform_name='s,x,x,'
psdir='${docdir}'
runstatedir='${localstatedir}/run'
sbindir='${exec_prefix}/sbin'
sharedstatedir='${prefix}/com'
sysconfdir='${prefix}/etc'
target='x86_64-pc-linux-gnu'
target_alias=''
target_cpu='x86_64'
target_os='linux-gnu'
target_vendor='pc'

## ----------- ##
## confdefs.h. ##
## ----------- ##

/* confdefs.h */
#define PACKAGE_NAME ""
#define PACKAGE_TARNAME ""
#define PACKAGE_VERSION ""
#define PACKAGE_STRING ""
#define PACKAGE_BUGREPORT ""
#define PACKAGE_URL ""
#define HAVE_MEMCACHED_SESSION 1

configure: exit 1
